Determining if the pthread_create exist failed with the following output:
Change Dir: /home/chen/zbl/7_11/catkin_car/build/CMakeFiles/CMakeTmp

Run Build Command:"/usr/bin/make" "cmTC_76735/fast"
/usr/bin/make -f CMakeFiles/cmTC_76735.dir/build.make CMakeFiles/cmTC_76735.dir/build
make[1]: Entering directory '/home/chen/zbl/7_11/catkin_car/build/CMakeFiles/CMakeTmp'
Building C object CMakeFiles/cmTC_76735.dir/CheckSymbolExists.c.o
/usr/bin/cc     -o CMakeFiles/cmTC_76735.dir/CheckSymbolExists.c.o   -c /home/chen/zbl/7_11/catkin_car/build/CMakeFiles/CMakeTmp/CheckSymbolExists.c
Linking C executable cmTC_76735
/usr/bin/cmake -E cmake_link_script CMakeFiles/cmTC_76735.dir/link.txt --verbose=1
/usr/bin/cc       CMakeFiles/cmTC_76735.dir/CheckSymbolExists.c.o  -o cmTC_76735 -rdynamic 
CMakeFiles/cmTC_76735.dir/CheckSymbolExists.c.o: In function `main':
CheckSymbolExists.c:(.text+0x16): undefined reference to `pthread_create'
collect2: error: ld returned 1 exit status
CMakeFiles/cmTC_76735.dir/build.make:97: recipe for target 'cmTC_76735' failed
make[1]: *** [cmTC_76735] Error 1
make[1]: Leaving directory '/home/chen/zbl/7_11/catkin_car/build/CMakeFiles/CMakeTmp'
Makefile:126: recipe for target 'cmTC_76735/fast' failed
make: *** [cmTC_76735/fast] Error 2

File /home/chen/zbl/7_11/catkin_car/build/CMakeFiles/CMakeTmp/CheckSymbolExists.c:
/* */
#include <pthread.h>

int main(int argc, char** argv)
{
  (void)argv;
#ifndef pthread_create
  return ((int*)(&pthread_create))[argc];
#else
  (void)argc;
  return 0;
#endif
}

Determining if the function pthread_create exists in the pthreads failed with the following output:
Change Dir: /home/chen/zbl/7_11/catkin_car/build/CMakeFiles/CMakeTmp

Run Build Command:"/usr/bin/make" "cmTC_30caa/fast"
/usr/bin/make -f CMakeFiles/cmTC_30caa.dir/build.make CMakeFiles/cmTC_30caa.dir/build
make[1]: Entering directory '/home/chen/zbl/7_11/catkin_car/build/CMakeFiles/CMakeTmp'
Building C object CMakeFiles/cmTC_30caa.dir/CheckFunctionExists.c.o
/usr/bin/cc    -DCHECK_FUNCTION_EXISTS=pthread_create   -o CMakeFiles/cmTC_30caa.dir/CheckFunctionExists.c.o   -c /usr/share/cmake-3.5/Modules/CheckFunctionExists.c
Linking C executable cmTC_30caa
/usr/bin/cmake -E cmake_link_script CMakeFiles/cmTC_30caa.dir/link.txt --verbose=1
/usr/bin/cc   -DCHECK_FUNCTION_EXISTS=pthread_create    CMakeFiles/cmTC_30caa.dir/CheckFunctionExists.c.o  -o cmTC_30caa -rdynamic -lpthreads 
/usr/bin/ld: cannot find -lpthreads
collect2: error: ld returned 1 exit status
CMakeFiles/cmTC_30caa.dir/build.make:97: recipe for target 'cmTC_30caa' failed
make[1]: *** [cmTC_30caa] Error 1
make[1]: Leaving directory '/home/chen/zbl/7_11/catkin_car/build/CMakeFiles/CMakeTmp'
Makefile:126: recipe for target 'cmTC_30caa/fast' failed
make: *** [cmTC_30caa/fast] Error 2


Determining if the Q_WS_WIN exist failed with the following output:
Change Dir: /home/chen/zbl/7_11/catkin_car/build/CMakeFiles/CMakeTmp

Run Build Command:"/usr/bin/make" "cmTC_f2b41/fast"
/usr/bin/make -f CMakeFiles/cmTC_f2b41.dir/build.make CMakeFiles/cmTC_f2b41.dir/build
make[1]: Entering directory '/home/chen/zbl/7_11/catkin_car/build/CMakeFiles/CMakeTmp'
Building CXX object CMakeFiles/cmTC_f2b41.dir/CheckSymbolExists.cxx.o
/usr/bin/c++    -I/usr/include/qt4   -o CMakeFiles/cmTC_f2b41.dir/CheckSymbolExists.cxx.o -c /home/chen/zbl/7_11/catkin_car/build/CMakeFiles/CMakeTmp/CheckSymbolExists.cxx
/home/chen/zbl/7_11/catkin_car/build/CMakeFiles/CMakeTmp/CheckSymbolExists.cxx: In function 'int main(int, char**)':
/home/chen/zbl/7_11/catkin_car/build/CMakeFiles/CMakeTmp/CheckSymbolExists.cxx:8:19: error: 'Q_WS_WIN' was not declared in this scope
   return ((int*)(&Q_WS_WIN))[argc];
                   ^
CMakeFiles/cmTC_f2b41.dir/build.make:65: recipe for target 'CMakeFiles/cmTC_f2b41.dir/CheckSymbolExists.cxx.o' failed
make[1]: *** [CMakeFiles/cmTC_f2b41.dir/CheckSymbolExists.cxx.o] Error 1
make[1]: Leaving directory '/home/chen/zbl/7_11/catkin_car/build/CMakeFiles/CMakeTmp'
Makefile:126: recipe for target 'cmTC_f2b41/fast' failed
make: *** [cmTC_f2b41/fast] Error 2

File /home/chen/zbl/7_11/catkin_car/build/CMakeFiles/CMakeTmp/CheckSymbolExists.cxx:
/* */
#include <QtCore/qglobal.h>

int main(int argc, char** argv)
{
  (void)argv;
#ifndef Q_WS_WIN
  return ((int*)(&Q_WS_WIN))[argc];
#else
  (void)argc;
  return 0;
#endif
}

Determining if the Q_WS_QWS exist failed with the following output:
Change Dir: /home/chen/zbl/7_11/catkin_car/build/CMakeFiles/CMakeTmp

Run Build Command:"/usr/bin/make" "cmTC_b3c5d/fast"
/usr/bin/make -f CMakeFiles/cmTC_b3c5d.dir/build.make CMakeFiles/cmTC_b3c5d.dir/build
make[1]: Entering directory '/home/chen/zbl/7_11/catkin_car/build/CMakeFiles/CMakeTmp'
Building CXX object CMakeFiles/cmTC_b3c5d.dir/CheckSymbolExists.cxx.o
/usr/bin/c++    -I/usr/include/qt4   -o CMakeFiles/cmTC_b3c5d.dir/CheckSymbolExists.cxx.o -c /home/chen/zbl/7_11/catkin_car/build/CMakeFiles/CMakeTmp/CheckSymbolExists.cxx
/home/chen/zbl/7_11/catkin_car/build/CMakeFiles/CMakeTmp/CheckSymbolExists.cxx: In function 'int main(int, char**)':
/home/chen/zbl/7_11/catkin_car/build/CMakeFiles/CMakeTmp/CheckSymbolExists.cxx:8:19: error: 'Q_WS_QWS' was not declared in this scope
   return ((int*)(&Q_WS_QWS))[argc];
                   ^
CMakeFiles/cmTC_b3c5d.dir/build.make:65: recipe for target 'CMakeFiles/cmTC_b3c5d.dir/CheckSymbolExists.cxx.o' failed
make[1]: *** [CMakeFiles/cmTC_b3c5d.dir/CheckSymbolExists.cxx.o] Error 1
make[1]: Leaving directory '/home/chen/zbl/7_11/catkin_car/build/CMakeFiles/CMakeTmp'
Makefile:126: recipe for target 'cmTC_b3c5d/fast' failed
make: *** [cmTC_b3c5d/fast] Error 2

File /home/chen/zbl/7_11/catkin_car/build/CMakeFiles/CMakeTmp/CheckSymbolExists.cxx:
/* */
#include <QtCore/qglobal.h>

int main(int argc, char** argv)
{
  (void)argv;
#ifndef Q_WS_QWS
  return ((int*)(&Q_WS_QWS))[argc];
#else
  (void)argc;
  return 0;
#endif
}

Determining if the Q_WS_MAC exist failed with the following output:
Change Dir: /home/chen/zbl/7_11/catkin_car/build/CMakeFiles/CMakeTmp

Run Build Command:"/usr/bin/make" "cmTC_a10d2/fast"
/usr/bin/make -f CMakeFiles/cmTC_a10d2.dir/build.make CMakeFiles/cmTC_a10d2.dir/build
make[1]: Entering directory '/home/chen/zbl/7_11/catkin_car/build/CMakeFiles/CMakeTmp'
Building CXX object CMakeFiles/cmTC_a10d2.dir/CheckSymbolExists.cxx.o
/usr/bin/c++    -I/usr/include/qt4   -o CMakeFiles/cmTC_a10d2.dir/CheckSymbolExists.cxx.o -c /home/chen/zbl/7_11/catkin_car/build/CMakeFiles/CMakeTmp/CheckSymbolExists.cxx
/home/chen/zbl/7_11/catkin_car/build/CMakeFiles/CMakeTmp/CheckSymbolExists.cxx: In function 'int main(int, char**)':
/home/chen/zbl/7_11/catkin_car/build/CMakeFiles/CMakeTmp/CheckSymbolExists.cxx:8:19: error: 'Q_WS_MAC' was not declared in this scope
   return ((int*)(&Q_WS_MAC))[argc];
                   ^
CMakeFiles/cmTC_a10d2.dir/build.make:65: recipe for target 'CMakeFiles/cmTC_a10d2.dir/CheckSymbolExists.cxx.o' failed
make[1]: *** [CMakeFiles/cmTC_a10d2.dir/CheckSymbolExists.cxx.o] Error 1
make[1]: Leaving directory '/home/chen/zbl/7_11/catkin_car/build/CMakeFiles/CMakeTmp'
Makefile:126: recipe for target 'cmTC_a10d2/fast' failed
make: *** [cmTC_a10d2/fast] Error 2

File /home/chen/zbl/7_11/catkin_car/build/CMakeFiles/CMakeTmp/CheckSymbolExists.cxx:
/* */
#include <QtCore/qglobal.h>

int main(int argc, char** argv)
{
  (void)argv;
#ifndef Q_WS_MAC
  return ((int*)(&Q_WS_MAC))[argc];
#else
  (void)argc;
  return 0;
#endif
}

